2025-06-12 14:42:29,198 - INFO - Data loaded successfully. X shape: (400, 38448), y shape: (400,)
2025-06-12 14:42:29,236 - INFO - Data split into training/CV (320 rows) and hold-out (80 rows) sets.
2025-06-12 14:49:58,052 - ERROR - [Orchestrator] Error from autogluon_wrapper child process:
Traceback (most recent call last):
  File "/home/nate/Desktop/AutoML/orchestrator.py", line 471, in _runner
    fitted_model = wrapper_instance.fit(X_obj, y_obj)
                   ^^^^^^^^^^^^^^^^^^^^^^^^^^^^^^^^^^
  File "/home/nate/Desktop/AutoML/engines/autogluon_wrapper.py", line 171, in fit
    ag_predictor.fit(
  File "/home/nate/.pyenv/versions/3.11.13/lib/python3.11/site-packages/autogluon/core/utils/decorators.py", line 31, in _call
    return f(*gargs, **gkwargs)
           ^^^^^^^^^^^^^^^^^^^^
  File "/home/nate/.pyenv/versions/3.11.13/lib/python3.11/site-packages/autogluon/tabular/predictor/predictor.py", line 1301, in fit
    self._fit(ag_fit_kwargs=ag_fit_kwargs, ag_post_fit_kwargs=ag_post_fit_kwargs)
  File "/home/nate/.pyenv/versions/3.11.13/lib/python3.11/site-packages/autogluon/tabular/predictor/predictor.py", line 1307, in _fit
    self._learner.fit(**ag_fit_kwargs)
  File "/home/nate/.pyenv/versions/3.11.13/lib/python3.11/site-packages/autogluon/tabular/learner/abstract_learner.py", line 159, in fit
    return self._fit(X=X, X_val=X_val, **kwargs)
           ^^^^^^^^^^^^^^^^^^^^^^^^^^^^^^^^^^^^^
  File "/home/nate/.pyenv/versions/3.11.13/lib/python3.11/site-packages/autogluon/tabular/learner/default_learner.py", line 133, in _fit
    trainer.fit(
  File "/home/nate/.pyenv/versions/3.11.13/lib/python3.11/site-packages/autogluon/tabular/trainer/auto_trainer.py", line 135, in fit
    self._train_multi_and_ensemble(
  File "/home/nate/.pyenv/versions/3.11.13/lib/python3.11/site-packages/autogluon/tabular/trainer/abstract_trainer.py", line 3290, in _train_multi_and_ensemble
    raise AssertionError(f"Not enough time left to train models. Consider specifying a larger time_limit. Time remaining: {round(time_limit, 2)}s")
AssertionError: Not enough time left to train models. Consider specifying a larger time_limit. Time remaining: -387.69s

2025-06-12 14:49:58,273 - ERROR - All AutoML engines failed in concurrent run.
2025-06-12 14:49:58,273 - ERROR - An error occurred during meta-search or evaluation: All AutoML engines failed in concurrent run.
Traceback (most recent call last):
  File "/home/nate/Desktop/AutoML/orchestrator.py", line 761, in _cli
    champion_model, fitted_engines, per_engine_metrics = _meta_search_concurrent(
                                                         ^^^^^^^^^^^^^^^^^^^^^^^^
  File "/home/nate/Desktop/AutoML/orchestrator.py", line 589, in _meta_search_concurrent
    raise RuntimeError("All AutoML engines failed in concurrent run.")
RuntimeError: All AutoML engines failed in concurrent run.
