2025-06-12 14:29:54,223 - INFO - Data loaded successfully. X shape: (400, 38448), y shape: (400,)
2025-06-12 14:29:54,259 - INFO - Data split into training/CV (320 rows) and hold-out (80 rows) sets.
2025-06-12 14:29:54,980 - ERROR - [Orchestrator] Error from autogluon_wrapper child process:
Traceback (most recent call last):
  File "/home/nate/Desktop/AutoML/orchestrator.py", line 470, in _runner
    wrapper_instance = wrapper_class(seed=RANDOM_STATE, timeout_sec=t_sec, run_dir=r_dir)
                       ^^^^^^^^^^^^^^^^^^^^^^^^^^^^^^^^^^^^^^^^^^^^^^^^^^^^^^^^^^^^^^^^^^
  File "/home/nate/Desktop/AutoML/engines/autogluon_wrapper.py", line 32, in __init__
    self._metric: str = DEFAULT_METRIC # Store the metric for best_pipeline_info
                        ^^^^^^^^^^^^^^
NameError: name 'DEFAULT_METRIC' is not defined

2025-06-12 14:29:55,106 - ERROR - All AutoML engines failed in concurrent run.
2025-06-12 14:29:55,106 - ERROR - An error occurred during meta-search or evaluation: All AutoML engines failed in concurrent run.
Traceback (most recent call last):
  File "/home/nate/Desktop/AutoML/orchestrator.py", line 761, in _cli
    champion_model, fitted_engines, per_engine_metrics = _meta_search_concurrent(
                                                         ^^^^^^^^^^^^^^^^^^^^^^^^
  File "/home/nate/Desktop/AutoML/orchestrator.py", line 589, in _meta_search_concurrent
    raise RuntimeError("All AutoML engines failed in concurrent run.")
RuntimeError: All AutoML engines failed in concurrent run.
