2025-06-12 14:28:25,924 - INFO - Data loaded successfully. X shape: (400, 38448), y shape: (400,)
2025-06-12 14:28:25,961 - INFO - Data split into training/CV (320 rows) and hold-out (80 rows) sets.
2025-06-12 14:28:25,993 - ERROR - An error occurred during meta-search or evaluation: cannot pickle 'module' object
Traceback (most recent call last):
  File "/home/nate/Desktop/AutoML/orchestrator.py", line 754, in _cli
    champion_model, fitted_engines, per_engine_metrics = _meta_search_concurrent(
                                                         ^^^^^^^^^^^^^^^^^^^^^^^^
  File "/home/nate/Desktop/AutoML/orchestrator.py", line 560, in _meta_search_concurrent
    worker.start()
  File "/home/nate/.pyenv/versions/3.11.13/lib/python3.11/multiprocessing/process.py", line 121, in start
    self._popen = self._Popen(self)
                  ^^^^^^^^^^^^^^^^^
  File "/home/nate/.pyenv/versions/3.11.13/lib/python3.11/multiprocessing/context.py", line 288, in _Popen
    return Popen(process_obj)
           ^^^^^^^^^^^^^^^^^^
  File "/home/nate/.pyenv/versions/3.11.13/lib/python3.11/multiprocessing/popen_spawn_posix.py", line 32, in __init__
    super().__init__(process_obj)
  File "/home/nate/.pyenv/versions/3.11.13/lib/python3.11/multiprocessing/popen_fork.py", line 19, in __init__
    self._launch(process_obj)
  File "/home/nate/.pyenv/versions/3.11.13/lib/python3.11/multiprocessing/popen_spawn_posix.py", line 47, in _launch
    reduction.dump(process_obj, fp)
  File "/home/nate/.pyenv/versions/3.11.13/lib/python3.11/multiprocessing/reduction.py", line 60, in dump
    ForkingPickler(file, protocol).dump(obj)
TypeError: cannot pickle 'module' object
